The system is: Linux - 4.15.0-65-generic - x86_64
Compiling the C compiler identification source file "CMakeCCompilerId.c" succeeded.
Compiler: /usr/bin/cc 
Build flags: 
Id flags:  

The output was:
0


Compilation of the C compiler identification source "CMakeCCompilerId.c" produced "a.out"

The C compiler identification is GNU, found in "/home/ju/Projects/CLionProjects/INF3172/tp1/libs/jansson-2.12/build/CMakeFiles/3.10.2/CompilerIdC/a.out"

Determining if the C compiler works passed with the following output:
Change Dir: /home/ju/Projects/CLionProjects/INF3172/tp1/libs/jansson-2.12/build/CMakeFiles/CMakeTmp

Run Build Command:"/usr/bin/make" "cmTC_8151e/fast"
/usr/bin/make -f CMakeFiles/cmTC_8151e.dir/build.make CMakeFiles/cmTC_8151e.dir/build
make[1]: Entering directory '/home/ju/Projects/CLionProjects/INF3172/tp1/libs/jansson-2.12/build/CMakeFiles/CMakeTmp'
Building C object CMakeFiles/cmTC_8151e.dir/testCCompiler.c.o
/usr/bin/cc    -o CMakeFiles/cmTC_8151e.dir/testCCompiler.c.o   -c /home/ju/Projects/CLionProjects/INF3172/tp1/libs/jansson-2.12/build/CMakeFiles/CMakeTmp/testCCompiler.c
Linking C executable cmTC_8151e
/usr/bin/cmake -E cmake_link_script CMakeFiles/cmTC_8151e.dir/link.txt --verbose=1
/usr/bin/cc      -rdynamic CMakeFiles/cmTC_8151e.dir/testCCompiler.c.o  -o cmTC_8151e 
make[1]: Leaving directory '/home/ju/Projects/CLionProjects/INF3172/tp1/libs/jansson-2.12/build/CMakeFiles/CMakeTmp'


Detecting C compiler ABI info compiled with the following output:
Change Dir: /home/ju/Projects/CLionProjects/INF3172/tp1/libs/jansson-2.12/build/CMakeFiles/CMakeTmp

Run Build Command:"/usr/bin/make" "cmTC_d40f2/fast"
/usr/bin/make -f CMakeFiles/cmTC_d40f2.dir/build.make CMakeFiles/cmTC_d40f2.dir/build
make[1]: Entering directory '/home/ju/Projects/CLionProjects/INF3172/tp1/libs/jansson-2.12/build/CMakeFiles/CMakeTmp'
Building C object CMakeFiles/cmTC_d40f2.dir/CMakeCCompilerABI.c.o
/usr/bin/cc    -o CMakeFiles/cmTC_d40f2.dir/CMakeCCompilerABI.c.o   -c /usr/share/cmake-3.10/Modules/CMakeCCompilerABI.c
Linking C executable cmTC_d40f2
/usr/bin/cmake -E cmake_link_script CMakeFiles/cmTC_d40f2.dir/link.txt --verbose=1
/usr/bin/cc     -v -rdynamic CMakeFiles/cmTC_d40f2.dir/CMakeCCompilerABI.c.o  -o cmTC_d40f2 
Using built-in specs.
COLLECT_GCC=/usr/bin/cc
COLLECT_LTO_WRAPPER=/usr/lib/gcc/x86_64-linux-gnu/7/lto-wrapper
OFFLOAD_TARGET_NAMES=nvptx-none
OFFLOAD_TARGET_DEFAULT=1
Target: x86_64-linux-gnu
Configured with: ../src/configure -v --with-pkgversion='Ubuntu 7.4.0-1ubuntu1~18.04.1' --with-bugurl=file:///usr/share/doc/gcc-7/README.Bugs --enable-languages=c,ada,c++,go,brig,d,fortran,objc,obj-c++ --prefix=/usr --with-gcc-major-version-only --program-suffix=-7 --program-prefix=x86_64-linux-gnu- --enable-shared --enable-linker-build-id --libexecdir=/usr/lib --without-included-gettext --enable-threads=posix --libdir=/usr/lib --enable-nls --with-sysroot=/ --enable-clocale=gnu --enable-libstdcxx-debug --enable-libstdcxx-time=yes --with-default-libstdcxx-abi=new --enable-gnu-unique-object --disable-vtable-verify --enable-libmpx --enable-plugin --enable-default-pie --with-system-zlib --with-target-system-zlib --enable-objc-gc=auto --enable-multiarch --disable-werror --with-arch-32=i686 --with-abi=m64 --with-multilib-list=m32,m64,mx32 --enable-multilib --with-tune=generic --enable-offload-targets=nvptx-none --without-cuda-driver --enable-checking=release --build=x86_64-linux-gnu --host=x86_64-linux-gnu --target=x86_64-linux-gnu
Thread model: posix
gcc version 7.4.0 (Ubuntu 7.4.0-1ubuntu1~18.04.1) 
COMPILER_PATH=/usr/lib/gcc/x86_64-linux-gnu/7/:/usr/lib/gcc/x86_64-linux-gnu/7/:/usr/lib/gcc/x86_64-linux-gnu/:/usr/lib/gcc/x86_64-linux-gnu/7/:/usr/lib/gcc/x86_64-linux-gnu/
LIBRARY_PATH=/usr/lib/gcc/x86_64-linux-gnu/7/:/usr/lib/gcc/x86_64-linux-gnu/7/../../../x86_64-linux-gnu/:/usr/lib/gcc/x86_64-linux-gnu/7/../../../../lib/:/lib/x86_64-linux-gnu/:/lib/../lib/:/usr/lib/x86_64-linux-gnu/:/usr/lib/../lib/:/usr/lib/gcc/x86_64-linux-gnu/7/../../../:/lib/:/usr/lib/
COLLECT_GCC_OPTIONS='-v' '-rdynamic' '-o' 'cmTC_d40f2' '-mtune=generic' '-march=x86-64'
 /usr/lib/gcc/x86_64-linux-gnu/7/collect2 -plugin /usr/lib/gcc/x86_64-linux-gnu/7/liblto_plugin.so -plugin-opt=/usr/lib/gcc/x86_64-linux-gnu/7/lto-wrapper -plugin-opt=-fresolution=/tmp/ccVjiRgf.res -plugin-opt=-pass-through=-lgcc -plugin-opt=-pass-through=-lgcc_s -plugin-opt=-pass-through=-lc -plugin-opt=-pass-through=-lgcc -plugin-opt=-pass-through=-lgcc_s --sysroot=/ --build-id --eh-frame-hdr -m elf_x86_64 --hash-style=gnu --as-needed -export-dynamic -dynamic-linker /lib64/ld-linux-x86-64.so.2 -pie -z now -z relro -o cmTC_d40f2 /usr/lib/gcc/x86_64-linux-gnu/7/../../../x86_64-linux-gnu/Scrt1.o /usr/lib/gcc/x86_64-linux-gnu/7/../../../x86_64-linux-gnu/crti.o /usr/lib/gcc/x86_64-linux-gnu/7/crtbeginS.o -L/usr/lib/gcc/x86_64-linux-gnu/7 -L/usr/lib/gcc/x86_64-linux-gnu/7/../../../x86_64-linux-gnu -L/usr/lib/gcc/x86_64-linux-gnu/7/../../../../lib -L/lib/x86_64-linux-gnu -L/lib/../lib -L/usr/lib/x86_64-linux-gnu -L/usr/lib/../lib -L/usr/lib/gcc/x86_64-linux-gnu/7/../../.. CMakeFiles/cmTC_d40f2.dir/CMakeCCompilerABI.c.o -lgcc --push-state --as-needed -lgcc_s --pop-state -lc -lgcc --push-state --as-needed -lgcc_s --pop-state /usr/lib/gcc/x86_64-linux-gnu/7/crtendS.o /usr/lib/gcc/x86_64-linux-gnu/7/../../../x86_64-linux-gnu/crtn.o
COLLECT_GCC_OPTIONS='-v' '-rdynamic' '-o' 'cmTC_d40f2' '-mtune=generic' '-march=x86-64'
make[1]: Leaving directory '/home/ju/Projects/CLionProjects/INF3172/tp1/libs/jansson-2.12/build/CMakeFiles/CMakeTmp'


Parsed C implicit link information from above output:
  link line regex: [^( *|.*[/\])(ld|CMAKE_LINK_STARTFILE-NOTFOUND|([^/\]+-)?ld|collect2)[^/\]*( |$)]
  ignore line: [Change Dir: /home/ju/Projects/CLionProjects/INF3172/tp1/libs/jansson-2.12/build/CMakeFiles/CMakeTmp]
  ignore line: []
  ignore line: [Run Build Command:"/usr/bin/make" "cmTC_d40f2/fast"]
  ignore line: [/usr/bin/make -f CMakeFiles/cmTC_d40f2.dir/build.make CMakeFiles/cmTC_d40f2.dir/build]
  ignore line: [make[1]: Entering directory '/home/ju/Projects/CLionProjects/INF3172/tp1/libs/jansson-2.12/build/CMakeFiles/CMakeTmp']
  ignore line: [Building C object CMakeFiles/cmTC_d40f2.dir/CMakeCCompilerABI.c.o]
  ignore line: [/usr/bin/cc    -o CMakeFiles/cmTC_d40f2.dir/CMakeCCompilerABI.c.o   -c /usr/share/cmake-3.10/Modules/CMakeCCompilerABI.c]
  ignore line: [Linking C executable cmTC_d40f2]
  ignore line: [/usr/bin/cmake -E cmake_link_script CMakeFiles/cmTC_d40f2.dir/link.txt --verbose=1]
  ignore line: [/usr/bin/cc     -v -rdynamic CMakeFiles/cmTC_d40f2.dir/CMakeCCompilerABI.c.o  -o cmTC_d40f2 ]
  ignore line: [Using built-in specs.]
  ignore line: [COLLECT_GCC=/usr/bin/cc]
  ignore line: [COLLECT_LTO_WRAPPER=/usr/lib/gcc/x86_64-linux-gnu/7/lto-wrapper]
  ignore line: [OFFLOAD_TARGET_NAMES=nvptx-none]
  ignore line: [OFFLOAD_TARGET_DEFAULT=1]
  ignore line: [Target: x86_64-linux-gnu]
  ignore line: [Configured with: ../src/configure -v --with-pkgversion='Ubuntu 7.4.0-1ubuntu1~18.04.1' --with-bugurl=file:///usr/share/doc/gcc-7/README.Bugs --enable-languages=c,ada,c++,go,brig,d,fortran,objc,obj-c++ --prefix=/usr --with-gcc-major-version-only --program-suffix=-7 --program-prefix=x86_64-linux-gnu- --enable-shared --enable-linker-build-id --libexecdir=/usr/lib --without-included-gettext --enable-threads=posix --libdir=/usr/lib --enable-nls --with-sysroot=/ --enable-clocale=gnu --enable-libstdcxx-debug --enable-libstdcxx-time=yes --with-default-libstdcxx-abi=new --enable-gnu-unique-object --disable-vtable-verify --enable-libmpx --enable-plugin --enable-default-pie --with-system-zlib --with-target-system-zlib --enable-objc-gc=auto --enable-multiarch --disable-werror --with-arch-32=i686 --with-abi=m64 --with-multilib-list=m32,m64,mx32 --enable-multilib --with-tune=generic --enable-offload-targets=nvptx-none --without-cuda-driver --enable-checking=release --build=x86_64-linux-gnu --host=x86_64-linux-gnu --target=x86_64-linux-gnu]
  ignore line: [Thread model: posix]
  ignore line: [gcc version 7.4.0 (Ubuntu 7.4.0-1ubuntu1~18.04.1) ]
  ignore line: [COMPILER_PATH=/usr/lib/gcc/x86_64-linux-gnu/7/:/usr/lib/gcc/x86_64-linux-gnu/7/:/usr/lib/gcc/x86_64-linux-gnu/:/usr/lib/gcc/x86_64-linux-gnu/7/:/usr/lib/gcc/x86_64-linux-gnu/]
  ignore line: [LIBRARY_PATH=/usr/lib/gcc/x86_64-linux-gnu/7/:/usr/lib/gcc/x86_64-linux-gnu/7/../../../x86_64-linux-gnu/:/usr/lib/gcc/x86_64-linux-gnu/7/../../../../lib/:/lib/x86_64-linux-gnu/:/lib/../lib/:/usr/lib/x86_64-linux-gnu/:/usr/lib/../lib/:/usr/lib/gcc/x86_64-linux-gnu/7/../../../:/lib/:/usr/lib/]
  ignore line: [COLLECT_GCC_OPTIONS='-v' '-rdynamic' '-o' 'cmTC_d40f2' '-mtune=generic' '-march=x86-64']
  link line: [ /usr/lib/gcc/x86_64-linux-gnu/7/collect2 -plugin /usr/lib/gcc/x86_64-linux-gnu/7/liblto_plugin.so -plugin-opt=/usr/lib/gcc/x86_64-linux-gnu/7/lto-wrapper -plugin-opt=-fresolution=/tmp/ccVjiRgf.res -plugin-opt=-pass-through=-lgcc -plugin-opt=-pass-through=-lgcc_s -plugin-opt=-pass-through=-lc -plugin-opt=-pass-through=-lgcc -plugin-opt=-pass-through=-lgcc_s --sysroot=/ --build-id --eh-frame-hdr -m elf_x86_64 --hash-style=gnu --as-needed -export-dynamic -dynamic-linker /lib64/ld-linux-x86-64.so.2 -pie -z now -z relro -o cmTC_d40f2 /usr/lib/gcc/x86_64-linux-gnu/7/../../../x86_64-linux-gnu/Scrt1.o /usr/lib/gcc/x86_64-linux-gnu/7/../../../x86_64-linux-gnu/crti.o /usr/lib/gcc/x86_64-linux-gnu/7/crtbeginS.o -L/usr/lib/gcc/x86_64-linux-gnu/7 -L/usr/lib/gcc/x86_64-linux-gnu/7/../../../x86_64-linux-gnu -L/usr/lib/gcc/x86_64-linux-gnu/7/../../../../lib -L/lib/x86_64-linux-gnu -L/lib/../lib -L/usr/lib/x86_64-linux-gnu -L/usr/lib/../lib -L/usr/lib/gcc/x86_64-linux-gnu/7/../../.. CMakeFiles/cmTC_d40f2.dir/CMakeCCompilerABI.c.o -lgcc --push-state --as-needed -lgcc_s --pop-state -lc -lgcc --push-state --as-needed -lgcc_s --pop-state /usr/lib/gcc/x86_64-linux-gnu/7/crtendS.o /usr/lib/gcc/x86_64-linux-gnu/7/../../../x86_64-linux-gnu/crtn.o]
    arg [/usr/lib/gcc/x86_64-linux-gnu/7/collect2] ==> ignore
    arg [-plugin] ==> ignore
    arg [/usr/lib/gcc/x86_64-linux-gnu/7/liblto_plugin.so] ==> ignore
    arg [-plugin-opt=/usr/lib/gcc/x86_64-linux-gnu/7/lto-wrapper] ==> ignore
    arg [-plugin-opt=-fresolution=/tmp/ccVjiRgf.res] ==> ignore
    arg [-plugin-opt=-pass-through=-lgcc] ==> ignore
    arg [-plugin-opt=-pass-through=-lgcc_s] ==> ignore
    arg [-plugin-opt=-pass-through=-lc] ==> ignore
    arg [-plugin-opt=-pass-through=-lgcc] ==> ignore
    arg [-plugin-opt=-pass-through=-lgcc_s] ==> ignore
    arg [--sysroot=/] ==> ignore
    arg [--build-id] ==> ignore
    arg [--eh-frame-hdr] ==> ignore
    arg [-m] ==> ignore
    arg [elf_x86_64] ==> ignore
    arg [--hash-style=gnu] ==> ignore
    arg [--as-needed] ==> ignore
    arg [-export-dynamic] ==> ignore
    arg [-dynamic-linker] ==> ignore
    arg [/lib64/ld-linux-x86-64.so.2] ==> ignore
    arg [-pie] ==> ignore
    arg [-znow] ==> ignore
    arg [-zrelro] ==> ignore
    arg [-o] ==> ignore
    arg [cmTC_d40f2] ==> ignore
    arg [/usr/lib/gcc/x86_64-linux-gnu/7/../../../x86_64-linux-gnu/Scrt1.o] ==> ignore
    arg [/usr/lib/gcc/x86_64-linux-gnu/7/../../../x86_64-linux-gnu/crti.o] ==> ignore
    arg [/usr/lib/gcc/x86_64-linux-gnu/7/crtbeginS.o] ==> ignore
    arg [-L/usr/lib/gcc/x86_64-linux-gnu/7] ==> dir [/usr/lib/gcc/x86_64-linux-gnu/7]
    arg [-L/usr/lib/gcc/x86_64-linux-gnu/7/../../../x86_64-linux-gnu] ==> dir [/usr/lib/gcc/x86_64-linux-gnu/7/../../../x86_64-linux-gnu]
    arg [-L/usr/lib/gcc/x86_64-linux-gnu/7/../../../../lib] ==> dir [/usr/lib/gcc/x86_64-linux-gnu/7/../../../../lib]
    arg [-L/lib/x86_64-linux-gnu] ==> dir [/lib/x86_64-linux-gnu]
    arg [-L/lib/../lib] ==> dir [/lib/../lib]
    arg [-L/usr/lib/x86_64-linux-gnu] ==> dir [/usr/lib/x86_64-linux-gnu]
    arg [-L/usr/lib/../lib] ==> dir [/usr/lib/../lib]
    arg [-L/usr/lib/gcc/x86_64-linux-gnu/7/../../..] ==> dir [/usr/lib/gcc/x86_64-linux-gnu/7/../../..]
    arg [CMakeFiles/cmTC_d40f2.dir/CMakeCCompilerABI.c.o] ==> ignore
    arg [-lgcc] ==> lib [gcc]
    arg [--push-state] ==> ignore
    arg [--as-needed] ==> ignore
    arg [-lgcc_s] ==> lib [gcc_s]
    arg [--pop-state] ==> ignore
    arg [-lc] ==> lib [c]
    arg [-lgcc] ==> lib [gcc]
    arg [--push-state] ==> ignore
    arg [--as-needed] ==> ignore
    arg [-lgcc_s] ==> lib [gcc_s]
    arg [--pop-state] ==> ignore
    arg [/usr/lib/gcc/x86_64-linux-gnu/7/crtendS.o] ==> ignore
    arg [/usr/lib/gcc/x86_64-linux-gnu/7/../../../x86_64-linux-gnu/crtn.o] ==> ignore
  collapse library dir [/usr/lib/gcc/x86_64-linux-gnu/7] ==> [/usr/lib/gcc/x86_64-linux-gnu/7]
  collapse library dir [/usr/lib/gcc/x86_64-linux-gnu/7/../../../x86_64-linux-gnu] ==> [/usr/lib/x86_64-linux-gnu]
  collapse library dir [/usr/lib/gcc/x86_64-linux-gnu/7/../../../../lib] ==> [/usr/lib]
  collapse library dir [/lib/x86_64-linux-gnu] ==> [/lib/x86_64-linux-gnu]
  collapse library dir [/lib/../lib] ==> [/lib]
  collapse library dir [/usr/lib/x86_64-linux-gnu] ==> [/usr/lib/x86_64-linux-gnu]
  collapse library dir [/usr/lib/../lib] ==> [/usr/lib]
  collapse library dir [/usr/lib/gcc/x86_64-linux-gnu/7/../../..] ==> [/usr/lib]
  implicit libs: [gcc;gcc_s;c;gcc;gcc_s]
  implicit dirs: [/usr/lib/gcc/x86_64-linux-gnu/7;/usr/lib/x86_64-linux-gnu;/usr/lib;/lib/x86_64-linux-gnu;/lib]
  implicit fwks: []




Detecting C [-std=c11] compiler features compiled with the following output:
Change Dir: /home/ju/Projects/CLionProjects/INF3172/tp1/libs/jansson-2.12/build/CMakeFiles/CMakeTmp

Run Build Command:"/usr/bin/make" "cmTC_c4c96/fast"
/usr/bin/make -f CMakeFiles/cmTC_c4c96.dir/build.make CMakeFiles/cmTC_c4c96.dir/build
make[1]: Entering directory '/home/ju/Projects/CLionProjects/INF3172/tp1/libs/jansson-2.12/build/CMakeFiles/CMakeTmp'
Building C object CMakeFiles/cmTC_c4c96.dir/feature_tests.c.o
/usr/bin/cc   -std=c11 -o CMakeFiles/cmTC_c4c96.dir/feature_tests.c.o   -c /home/ju/Projects/CLionProjects/INF3172/tp1/libs/jansson-2.12/build/CMakeFiles/feature_tests.c
Linking C executable cmTC_c4c96
/usr/bin/cmake -E cmake_link_script CMakeFiles/cmTC_c4c96.dir/link.txt --verbose=1
/usr/bin/cc      -rdynamic CMakeFiles/cmTC_c4c96.dir/feature_tests.c.o  -o cmTC_c4c96 
make[1]: Leaving directory '/home/ju/Projects/CLionProjects/INF3172/tp1/libs/jansson-2.12/build/CMakeFiles/CMakeTmp'


    Feature record: C_FEATURE:1c_function_prototypes
    Feature record: C_FEATURE:1c_restrict
    Feature record: C_FEATURE:1c_static_assert
    Feature record: C_FEATURE:1c_variadic_macros


Detecting C [-std=c99] compiler features compiled with the following output:
Change Dir: /home/ju/Projects/CLionProjects/INF3172/tp1/libs/jansson-2.12/build/CMakeFiles/CMakeTmp

Run Build Command:"/usr/bin/make" "cmTC_e8a05/fast"
/usr/bin/make -f CMakeFiles/cmTC_e8a05.dir/build.make CMakeFiles/cmTC_e8a05.dir/build
make[1]: Entering directory '/home/ju/Projects/CLionProjects/INF3172/tp1/libs/jansson-2.12/build/CMakeFiles/CMakeTmp'
Building C object CMakeFiles/cmTC_e8a05.dir/feature_tests.c.o
/usr/bin/cc   -std=c99 -o CMakeFiles/cmTC_e8a05.dir/feature_tests.c.o   -c /home/ju/Projects/CLionProjects/INF3172/tp1/libs/jansson-2.12/build/CMakeFiles/feature_tests.c
Linking C executable cmTC_e8a05
/usr/bin/cmake -E cmake_link_script CMakeFiles/cmTC_e8a05.dir/link.txt --verbose=1
/usr/bin/cc      -rdynamic CMakeFiles/cmTC_e8a05.dir/feature_tests.c.o  -o cmTC_e8a05 
make[1]: Leaving directory '/home/ju/Projects/CLionProjects/INF3172/tp1/libs/jansson-2.12/build/CMakeFiles/CMakeTmp'


    Feature record: C_FEATURE:1c_function_prototypes
    Feature record: C_FEATURE:1c_restrict
    Feature record: C_FEATURE:0c_static_assert
    Feature record: C_FEATURE:1c_variadic_macros


Detecting C [-std=c90] compiler features compiled with the following output:
Change Dir: /home/ju/Projects/CLionProjects/INF3172/tp1/libs/jansson-2.12/build/CMakeFiles/CMakeTmp

Run Build Command:"/usr/bin/make" "cmTC_f7a14/fast"
/usr/bin/make -f CMakeFiles/cmTC_f7a14.dir/build.make CMakeFiles/cmTC_f7a14.dir/build
make[1]: Entering directory '/home/ju/Projects/CLionProjects/INF3172/tp1/libs/jansson-2.12/build/CMakeFiles/CMakeTmp'
Building C object CMakeFiles/cmTC_f7a14.dir/feature_tests.c.o
/usr/bin/cc   -std=c90 -o CMakeFiles/cmTC_f7a14.dir/feature_tests.c.o   -c /home/ju/Projects/CLionProjects/INF3172/tp1/libs/jansson-2.12/build/CMakeFiles/feature_tests.c
Linking C executable cmTC_f7a14
/usr/bin/cmake -E cmake_link_script CMakeFiles/cmTC_f7a14.dir/link.txt --verbose=1
/usr/bin/cc      -rdynamic CMakeFiles/cmTC_f7a14.dir/feature_tests.c.o  -o cmTC_f7a14 
make[1]: Leaving directory '/home/ju/Projects/CLionProjects/INF3172/tp1/libs/jansson-2.12/build/CMakeFiles/CMakeTmp'


    Feature record: C_FEATURE:1c_function_prototypes
    Feature record: C_FEATURE:0c_restrict
    Feature record: C_FEATURE:0c_static_assert
    Feature record: C_FEATURE:0c_variadic_macros
Determining if files endian.h exist passed with the following output:
Change Dir: /home/ju/Projects/CLionProjects/INF3172/tp1/libs/jansson-2.12/build/CMakeFiles/CMakeTmp

Run Build Command:"/usr/bin/make" "cmTC_064cc/fast"
/usr/bin/make -f CMakeFiles/cmTC_064cc.dir/build.make CMakeFiles/cmTC_064cc.dir/build
make[1]: Entering directory '/home/ju/Projects/CLionProjects/INF3172/tp1/libs/jansson-2.12/build/CMakeFiles/CMakeTmp'
Building C object CMakeFiles/cmTC_064cc.dir/CheckIncludeFiles.c.o
/usr/bin/cc    -o CMakeFiles/cmTC_064cc.dir/CheckIncludeFiles.c.o   -c /home/ju/Projects/CLionProjects/INF3172/tp1/libs/jansson-2.12/build/CMakeFiles/CMakeTmp/CheckIncludeFiles.c
Linking C executable cmTC_064cc
/usr/bin/cmake -E cmake_link_script CMakeFiles/cmTC_064cc.dir/link.txt --verbose=1
/usr/bin/cc      -rdynamic CMakeFiles/cmTC_064cc.dir/CheckIncludeFiles.c.o  -o cmTC_064cc 
make[1]: Leaving directory '/home/ju/Projects/CLionProjects/INF3172/tp1/libs/jansson-2.12/build/CMakeFiles/CMakeTmp'


Determining if files fcntl.h exist passed with the following output:
Change Dir: /home/ju/Projects/CLionProjects/INF3172/tp1/libs/jansson-2.12/build/CMakeFiles/CMakeTmp

Run Build Command:"/usr/bin/make" "cmTC_84fb6/fast"
/usr/bin/make -f CMakeFiles/cmTC_84fb6.dir/build.make CMakeFiles/cmTC_84fb6.dir/build
make[1]: Entering directory '/home/ju/Projects/CLionProjects/INF3172/tp1/libs/jansson-2.12/build/CMakeFiles/CMakeTmp'
Building C object CMakeFiles/cmTC_84fb6.dir/CheckIncludeFiles.c.o
/usr/bin/cc    -o CMakeFiles/cmTC_84fb6.dir/CheckIncludeFiles.c.o   -c /home/ju/Projects/CLionProjects/INF3172/tp1/libs/jansson-2.12/build/CMakeFiles/CMakeTmp/CheckIncludeFiles.c
Linking C executable cmTC_84fb6
/usr/bin/cmake -E cmake_link_script CMakeFiles/cmTC_84fb6.dir/link.txt --verbose=1
/usr/bin/cc      -rdynamic CMakeFiles/cmTC_84fb6.dir/CheckIncludeFiles.c.o  -o cmTC_84fb6 
make[1]: Leaving directory '/home/ju/Projects/CLionProjects/INF3172/tp1/libs/jansson-2.12/build/CMakeFiles/CMakeTmp'


Determining if files sched.h exist passed with the following output:
Change Dir: /home/ju/Projects/CLionProjects/INF3172/tp1/libs/jansson-2.12/build/CMakeFiles/CMakeTmp

Run Build Command:"/usr/bin/make" "cmTC_96a67/fast"
/usr/bin/make -f CMakeFiles/cmTC_96a67.dir/build.make CMakeFiles/cmTC_96a67.dir/build
make[1]: Entering directory '/home/ju/Projects/CLionProjects/INF3172/tp1/libs/jansson-2.12/build/CMakeFiles/CMakeTmp'
Building C object CMakeFiles/cmTC_96a67.dir/CheckIncludeFiles.c.o
/usr/bin/cc    -o CMakeFiles/cmTC_96a67.dir/CheckIncludeFiles.c.o   -c /home/ju/Projects/CLionProjects/INF3172/tp1/libs/jansson-2.12/build/CMakeFiles/CMakeTmp/CheckIncludeFiles.c
Linking C executable cmTC_96a67
/usr/bin/cmake -E cmake_link_script CMakeFiles/cmTC_96a67.dir/link.txt --verbose=1
/usr/bin/cc      -rdynamic CMakeFiles/cmTC_96a67.dir/CheckIncludeFiles.c.o  -o cmTC_96a67 
make[1]: Leaving directory '/home/ju/Projects/CLionProjects/INF3172/tp1/libs/jansson-2.12/build/CMakeFiles/CMakeTmp'


Determining if files unistd.h exist passed with the following output:
Change Dir: /home/ju/Projects/CLionProjects/INF3172/tp1/libs/jansson-2.12/build/CMakeFiles/CMakeTmp

Run Build Command:"/usr/bin/make" "cmTC_dff4e/fast"
/usr/bin/make -f CMakeFiles/cmTC_dff4e.dir/build.make CMakeFiles/cmTC_dff4e.dir/build
make[1]: Entering directory '/home/ju/Projects/CLionProjects/INF3172/tp1/libs/jansson-2.12/build/CMakeFiles/CMakeTmp'
Building C object CMakeFiles/cmTC_dff4e.dir/CheckIncludeFiles.c.o
/usr/bin/cc    -o CMakeFiles/cmTC_dff4e.dir/CheckIncludeFiles.c.o   -c /home/ju/Projects/CLionProjects/INF3172/tp1/libs/jansson-2.12/build/CMakeFiles/CMakeTmp/CheckIncludeFiles.c
Linking C executable cmTC_dff4e
/usr/bin/cmake -E cmake_link_script CMakeFiles/cmTC_dff4e.dir/link.txt --verbose=1
/usr/bin/cc      -rdynamic CMakeFiles/cmTC_dff4e.dir/CheckIncludeFiles.c.o  -o cmTC_dff4e 
make[1]: Leaving directory '/home/ju/Projects/CLionProjects/INF3172/tp1/libs/jansson-2.12/build/CMakeFiles/CMakeTmp'


Determining if files sys/param.h exist passed with the following output:
Change Dir: /home/ju/Projects/CLionProjects/INF3172/tp1/libs/jansson-2.12/build/CMakeFiles/CMakeTmp

Run Build Command:"/usr/bin/make" "cmTC_54b5f/fast"
/usr/bin/make -f CMakeFiles/cmTC_54b5f.dir/build.make CMakeFiles/cmTC_54b5f.dir/build
make[1]: Entering directory '/home/ju/Projects/CLionProjects/INF3172/tp1/libs/jansson-2.12/build/CMakeFiles/CMakeTmp'
Building C object CMakeFiles/cmTC_54b5f.dir/CheckIncludeFiles.c.o
/usr/bin/cc    -o CMakeFiles/cmTC_54b5f.dir/CheckIncludeFiles.c.o   -c /home/ju/Projects/CLionProjects/INF3172/tp1/libs/jansson-2.12/build/CMakeFiles/CMakeTmp/CheckIncludeFiles.c
Linking C executable cmTC_54b5f
/usr/bin/cmake -E cmake_link_script CMakeFiles/cmTC_54b5f.dir/link.txt --verbose=1
/usr/bin/cc      -rdynamic CMakeFiles/cmTC_54b5f.dir/CheckIncludeFiles.c.o  -o cmTC_54b5f 
make[1]: Leaving directory '/home/ju/Projects/CLionProjects/INF3172/tp1/libs/jansson-2.12/build/CMakeFiles/CMakeTmp'


Determining if files sys/stat.h exist passed with the following output:
Change Dir: /home/ju/Projects/CLionProjects/INF3172/tp1/libs/jansson-2.12/build/CMakeFiles/CMakeTmp

Run Build Command:"/usr/bin/make" "cmTC_6c672/fast"
/usr/bin/make -f CMakeFiles/cmTC_6c672.dir/build.make CMakeFiles/cmTC_6c672.dir/build
make[1]: Entering directory '/home/ju/Projects/CLionProjects/INF3172/tp1/libs/jansson-2.12/build/CMakeFiles/CMakeTmp'
Building C object CMakeFiles/cmTC_6c672.dir/CheckIncludeFiles.c.o
/usr/bin/cc    -o CMakeFiles/cmTC_6c672.dir/CheckIncludeFiles.c.o   -c /home/ju/Projects/CLionProjects/INF3172/tp1/libs/jansson-2.12/build/CMakeFiles/CMakeTmp/CheckIncludeFiles.c
Linking C executable cmTC_6c672
/usr/bin/cmake -E cmake_link_script CMakeFiles/cmTC_6c672.dir/link.txt --verbose=1
/usr/bin/cc      -rdynamic CMakeFiles/cmTC_6c672.dir/CheckIncludeFiles.c.o  -o cmTC_6c672 
make[1]: Leaving directory '/home/ju/Projects/CLionProjects/INF3172/tp1/libs/jansson-2.12/build/CMakeFiles/CMakeTmp'


Determining if files sys/time.h exist passed with the following output:
Change Dir: /home/ju/Projects/CLionProjects/INF3172/tp1/libs/jansson-2.12/build/CMakeFiles/CMakeTmp

Run Build Command:"/usr/bin/make" "cmTC_f5649/fast"
/usr/bin/make -f CMakeFiles/cmTC_f5649.dir/build.make CMakeFiles/cmTC_f5649.dir/build
make[1]: Entering directory '/home/ju/Projects/CLionProjects/INF3172/tp1/libs/jansson-2.12/build/CMakeFiles/CMakeTmp'
Building C object CMakeFiles/cmTC_f5649.dir/CheckIncludeFiles.c.o
/usr/bin/cc    -o CMakeFiles/cmTC_f5649.dir/CheckIncludeFiles.c.o   -c /home/ju/Projects/CLionProjects/INF3172/tp1/libs/jansson-2.12/build/CMakeFiles/CMakeTmp/CheckIncludeFiles.c
Linking C executable cmTC_f5649
/usr/bin/cmake -E cmake_link_script CMakeFiles/cmTC_f5649.dir/link.txt --verbose=1
/usr/bin/cc      -rdynamic CMakeFiles/cmTC_f5649.dir/CheckIncludeFiles.c.o  -o cmTC_f5649 
make[1]: Leaving directory '/home/ju/Projects/CLionProjects/INF3172/tp1/libs/jansson-2.12/build/CMakeFiles/CMakeTmp'


Determining if files sys/types.h exist passed with the following output:
Change Dir: /home/ju/Projects/CLionProjects/INF3172/tp1/libs/jansson-2.12/build/CMakeFiles/CMakeTmp

Run Build Command:"/usr/bin/make" "cmTC_e525e/fast"
/usr/bin/make -f CMakeFiles/cmTC_e525e.dir/build.make CMakeFiles/cmTC_e525e.dir/build
make[1]: Entering directory '/home/ju/Projects/CLionProjects/INF3172/tp1/libs/jansson-2.12/build/CMakeFiles/CMakeTmp'
Building C object CMakeFiles/cmTC_e525e.dir/CheckIncludeFiles.c.o
/usr/bin/cc    -o CMakeFiles/cmTC_e525e.dir/CheckIncludeFiles.c.o   -c /home/ju/Projects/CLionProjects/INF3172/tp1/libs/jansson-2.12/build/CMakeFiles/CMakeTmp/CheckIncludeFiles.c
Linking C executable cmTC_e525e
/usr/bin/cmake -E cmake_link_script CMakeFiles/cmTC_e525e.dir/link.txt --verbose=1
/usr/bin/cc      -rdynamic CMakeFiles/cmTC_e525e.dir/CheckIncludeFiles.c.o  -o cmTC_e525e 
make[1]: Leaving directory '/home/ju/Projects/CLionProjects/INF3172/tp1/libs/jansson-2.12/build/CMakeFiles/CMakeTmp'


Determining if the function close exists passed with the following output:
Change Dir: /home/ju/Projects/CLionProjects/INF3172/tp1/libs/jansson-2.12/build/CMakeFiles/CMakeTmp

Run Build Command:"/usr/bin/make" "cmTC_f8684/fast"
/usr/bin/make -f CMakeFiles/cmTC_f8684.dir/build.make CMakeFiles/cmTC_f8684.dir/build
make[1]: Entering directory '/home/ju/Projects/CLionProjects/INF3172/tp1/libs/jansson-2.12/build/CMakeFiles/CMakeTmp'
Building C object CMakeFiles/cmTC_f8684.dir/CheckFunctionExists.c.o
/usr/bin/cc   -DCHECK_FUNCTION_EXISTS=close   -o CMakeFiles/cmTC_f8684.dir/CheckFunctionExists.c.o   -c /usr/share/cmake-3.10/Modules/CheckFunctionExists.c
Linking C executable cmTC_f8684
/usr/bin/cmake -E cmake_link_script CMakeFiles/cmTC_f8684.dir/link.txt --verbose=1
/usr/bin/cc  -DCHECK_FUNCTION_EXISTS=close    -rdynamic CMakeFiles/cmTC_f8684.dir/CheckFunctionExists.c.o  -o cmTC_f8684 
make[1]: Leaving directory '/home/ju/Projects/CLionProjects/INF3172/tp1/libs/jansson-2.12/build/CMakeFiles/CMakeTmp'


Determining if the function getpid exists passed with the following output:
Change Dir: /home/ju/Projects/CLionProjects/INF3172/tp1/libs/jansson-2.12/build/CMakeFiles/CMakeTmp

Run Build Command:"/usr/bin/make" "cmTC_80b13/fast"
/usr/bin/make -f CMakeFiles/cmTC_80b13.dir/build.make CMakeFiles/cmTC_80b13.dir/build
make[1]: Entering directory '/home/ju/Projects/CLionProjects/INF3172/tp1/libs/jansson-2.12/build/CMakeFiles/CMakeTmp'
Building C object CMakeFiles/cmTC_80b13.dir/CheckFunctionExists.c.o
/usr/bin/cc   -DCHECK_FUNCTION_EXISTS=getpid   -o CMakeFiles/cmTC_80b13.dir/CheckFunctionExists.c.o   -c /usr/share/cmake-3.10/Modules/CheckFunctionExists.c
Linking C executable cmTC_80b13
/usr/bin/cmake -E cmake_link_script CMakeFiles/cmTC_80b13.dir/link.txt --verbose=1
/usr/bin/cc  -DCHECK_FUNCTION_EXISTS=getpid    -rdynamic CMakeFiles/cmTC_80b13.dir/CheckFunctionExists.c.o  -o cmTC_80b13 
make[1]: Leaving directory '/home/ju/Projects/CLionProjects/INF3172/tp1/libs/jansson-2.12/build/CMakeFiles/CMakeTmp'


Determining if the function gettimeofday exists passed with the following output:
Change Dir: /home/ju/Projects/CLionProjects/INF3172/tp1/libs/jansson-2.12/build/CMakeFiles/CMakeTmp

Run Build Command:"/usr/bin/make" "cmTC_82040/fast"
/usr/bin/make -f CMakeFiles/cmTC_82040.dir/build.make CMakeFiles/cmTC_82040.dir/build
make[1]: Entering directory '/home/ju/Projects/CLionProjects/INF3172/tp1/libs/jansson-2.12/build/CMakeFiles/CMakeTmp'
Building C object CMakeFiles/cmTC_82040.dir/CheckFunctionExists.c.o
/usr/bin/cc   -DCHECK_FUNCTION_EXISTS=gettimeofday   -o CMakeFiles/cmTC_82040.dir/CheckFunctionExists.c.o   -c /usr/share/cmake-3.10/Modules/CheckFunctionExists.c
Linking C executable cmTC_82040
/usr/bin/cmake -E cmake_link_script CMakeFiles/cmTC_82040.dir/link.txt --verbose=1
/usr/bin/cc  -DCHECK_FUNCTION_EXISTS=gettimeofday    -rdynamic CMakeFiles/cmTC_82040.dir/CheckFunctionExists.c.o  -o cmTC_82040 
make[1]: Leaving directory '/home/ju/Projects/CLionProjects/INF3172/tp1/libs/jansson-2.12/build/CMakeFiles/CMakeTmp'


Determining if the function open exists passed with the following output:
Change Dir: /home/ju/Projects/CLionProjects/INF3172/tp1/libs/jansson-2.12/build/CMakeFiles/CMakeTmp

Run Build Command:"/usr/bin/make" "cmTC_c55b2/fast"
/usr/bin/make -f CMakeFiles/cmTC_c55b2.dir/build.make CMakeFiles/cmTC_c55b2.dir/build
make[1]: Entering directory '/home/ju/Projects/CLionProjects/INF3172/tp1/libs/jansson-2.12/build/CMakeFiles/CMakeTmp'
Building C object CMakeFiles/cmTC_c55b2.dir/CheckFunctionExists.c.o
/usr/bin/cc   -DCHECK_FUNCTION_EXISTS=open   -o CMakeFiles/cmTC_c55b2.dir/CheckFunctionExists.c.o   -c /usr/share/cmake-3.10/Modules/CheckFunctionExists.c
Linking C executable cmTC_c55b2
/usr/bin/cmake -E cmake_link_script CMakeFiles/cmTC_c55b2.dir/link.txt --verbose=1
/usr/bin/cc  -DCHECK_FUNCTION_EXISTS=open    -rdynamic CMakeFiles/cmTC_c55b2.dir/CheckFunctionExists.c.o  -o cmTC_c55b2 
make[1]: Leaving directory '/home/ju/Projects/CLionProjects/INF3172/tp1/libs/jansson-2.12/build/CMakeFiles/CMakeTmp'


Determining if the function read exists passed with the following output:
Change Dir: /home/ju/Projects/CLionProjects/INF3172/tp1/libs/jansson-2.12/build/CMakeFiles/CMakeTmp

Run Build Command:"/usr/bin/make" "cmTC_4bf1b/fast"
/usr/bin/make -f CMakeFiles/cmTC_4bf1b.dir/build.make CMakeFiles/cmTC_4bf1b.dir/build
make[1]: Entering directory '/home/ju/Projects/CLionProjects/INF3172/tp1/libs/jansson-2.12/build/CMakeFiles/CMakeTmp'
Building C object CMakeFiles/cmTC_4bf1b.dir/CheckFunctionExists.c.o
/usr/bin/cc   -DCHECK_FUNCTION_EXISTS=read   -o CMakeFiles/cmTC_4bf1b.dir/CheckFunctionExists.c.o   -c /usr/share/cmake-3.10/Modules/CheckFunctionExists.c
Linking C executable cmTC_4bf1b
/usr/bin/cmake -E cmake_link_script CMakeFiles/cmTC_4bf1b.dir/link.txt --verbose=1
/usr/bin/cc  -DCHECK_FUNCTION_EXISTS=read    -rdynamic CMakeFiles/cmTC_4bf1b.dir/CheckFunctionExists.c.o  -o cmTC_4bf1b 
make[1]: Leaving directory '/home/ju/Projects/CLionProjects/INF3172/tp1/libs/jansson-2.12/build/CMakeFiles/CMakeTmp'


Determining if the function sched_yield exists passed with the following output:
Change Dir: /home/ju/Projects/CLionProjects/INF3172/tp1/libs/jansson-2.12/build/CMakeFiles/CMakeTmp

Run Build Command:"/usr/bin/make" "cmTC_5f00f/fast"
/usr/bin/make -f CMakeFiles/cmTC_5f00f.dir/build.make CMakeFiles/cmTC_5f00f.dir/build
make[1]: Entering directory '/home/ju/Projects/CLionProjects/INF3172/tp1/libs/jansson-2.12/build/CMakeFiles/CMakeTmp'
Building C object CMakeFiles/cmTC_5f00f.dir/CheckFunctionExists.c.o
/usr/bin/cc   -DCHECK_FUNCTION_EXISTS=sched_yield   -o CMakeFiles/cmTC_5f00f.dir/CheckFunctionExists.c.o   -c /usr/share/cmake-3.10/Modules/CheckFunctionExists.c
Linking C executable cmTC_5f00f
/usr/bin/cmake -E cmake_link_script CMakeFiles/cmTC_5f00f.dir/link.txt --verbose=1
/usr/bin/cc  -DCHECK_FUNCTION_EXISTS=sched_yield    -rdynamic CMakeFiles/cmTC_5f00f.dir/CheckFunctionExists.c.o  -o cmTC_5f00f 
make[1]: Leaving directory '/home/ju/Projects/CLionProjects/INF3172/tp1/libs/jansson-2.12/build/CMakeFiles/CMakeTmp'


Determining if files stdint.h exist passed with the following output:
Change Dir: /home/ju/Projects/CLionProjects/INF3172/tp1/libs/jansson-2.12/build/CMakeFiles/CMakeTmp

Run Build Command:"/usr/bin/make" "cmTC_61eb2/fast"
/usr/bin/make -f CMakeFiles/cmTC_61eb2.dir/build.make CMakeFiles/cmTC_61eb2.dir/build
make[1]: Entering directory '/home/ju/Projects/CLionProjects/INF3172/tp1/libs/jansson-2.12/build/CMakeFiles/CMakeTmp'
Building C object CMakeFiles/cmTC_61eb2.dir/CheckIncludeFiles.c.o
/usr/bin/cc    -o CMakeFiles/cmTC_61eb2.dir/CheckIncludeFiles.c.o   -c /home/ju/Projects/CLionProjects/INF3172/tp1/libs/jansson-2.12/build/CMakeFiles/CMakeTmp/CheckIncludeFiles.c
Linking C executable cmTC_61eb2
/usr/bin/cmake -E cmake_link_script CMakeFiles/cmTC_61eb2.dir/link.txt --verbose=1
/usr/bin/cc      -rdynamic CMakeFiles/cmTC_61eb2.dir/CheckIncludeFiles.c.o  -o cmTC_61eb2 
make[1]: Leaving directory '/home/ju/Projects/CLionProjects/INF3172/tp1/libs/jansson-2.12/build/CMakeFiles/CMakeTmp'


Determining if the include file stddef.h exists passed with the following output:
Change Dir: /home/ju/Projects/CLionProjects/INF3172/tp1/libs/jansson-2.12/build/CMakeFiles/CMakeTmp

Run Build Command:"/usr/bin/make" "cmTC_ef75a/fast"
/usr/bin/make -f CMakeFiles/cmTC_ef75a.dir/build.make CMakeFiles/cmTC_ef75a.dir/build
make[1]: Entering directory '/home/ju/Projects/CLionProjects/INF3172/tp1/libs/jansson-2.12/build/CMakeFiles/CMakeTmp'
Building C object CMakeFiles/cmTC_ef75a.dir/CheckIncludeFile.c.o
/usr/bin/cc    -o CMakeFiles/cmTC_ef75a.dir/CheckIncludeFile.c.o   -c /home/ju/Projects/CLionProjects/INF3172/tp1/libs/jansson-2.12/build/CMakeFiles/CMakeTmp/CheckIncludeFile.c
Linking C executable cmTC_ef75a
/usr/bin/cmake -E cmake_link_script CMakeFiles/cmTC_ef75a.dir/link.txt --verbose=1
/usr/bin/cc      -rdynamic CMakeFiles/cmTC_ef75a.dir/CheckIncludeFile.c.o  -o cmTC_ef75a 
make[1]: Leaving directory '/home/ju/Projects/CLionProjects/INF3172/tp1/libs/jansson-2.12/build/CMakeFiles/CMakeTmp'


Determining size of int64_t passed with the following output:
Change Dir: /home/ju/Projects/CLionProjects/INF3172/tp1/libs/jansson-2.12/build/CMakeFiles/CMakeTmp

Run Build Command:"/usr/bin/make" "cmTC_63fca/fast"
/usr/bin/make -f CMakeFiles/cmTC_63fca.dir/build.make CMakeFiles/cmTC_63fca.dir/build
make[1]: Entering directory '/home/ju/Projects/CLionProjects/INF3172/tp1/libs/jansson-2.12/build/CMakeFiles/CMakeTmp'
Building C object CMakeFiles/cmTC_63fca.dir/INT64_T.c.o
/usr/bin/cc    -o CMakeFiles/cmTC_63fca.dir/INT64_T.c.o   -c /home/ju/Projects/CLionProjects/INF3172/tp1/libs/jansson-2.12/build/CMakeFiles/CheckTypeSize/INT64_T.c
Linking C executable cmTC_63fca
/usr/bin/cmake -E cmake_link_script CMakeFiles/cmTC_63fca.dir/link.txt --verbose=1
/usr/bin/cc      -rdynamic CMakeFiles/cmTC_63fca.dir/INT64_T.c.o  -o cmTC_63fca 
make[1]: Leaving directory '/home/ju/Projects/CLionProjects/INF3172/tp1/libs/jansson-2.12/build/CMakeFiles/CMakeTmp'


Determining size of long long passed with the following output:
Change Dir: /home/ju/Projects/CLionProjects/INF3172/tp1/libs/jansson-2.12/build/CMakeFiles/CMakeTmp

Run Build Command:"/usr/bin/make" "cmTC_f0e17/fast"
/usr/bin/make -f CMakeFiles/cmTC_f0e17.dir/build.make CMakeFiles/cmTC_f0e17.dir/build
make[1]: Entering directory '/home/ju/Projects/CLionProjects/INF3172/tp1/libs/jansson-2.12/build/CMakeFiles/CMakeTmp'
Building C object CMakeFiles/cmTC_f0e17.dir/LONG_LONG_INT.c.o
/usr/bin/cc    -o CMakeFiles/cmTC_f0e17.dir/LONG_LONG_INT.c.o   -c /home/ju/Projects/CLionProjects/INF3172/tp1/libs/jansson-2.12/build/CMakeFiles/CheckTypeSize/LONG_LONG_INT.c
Linking C executable cmTC_f0e17
/usr/bin/cmake -E cmake_link_script CMakeFiles/cmTC_f0e17.dir/link.txt --verbose=1
/usr/bin/cc      -rdynamic CMakeFiles/cmTC_f0e17.dir/LONG_LONG_INT.c.o  -o cmTC_f0e17 
make[1]: Leaving directory '/home/ju/Projects/CLionProjects/INF3172/tp1/libs/jansson-2.12/build/CMakeFiles/CMakeTmp'


Determining size of int32_t passed with the following output:
Change Dir: /home/ju/Projects/CLionProjects/INF3172/tp1/libs/jansson-2.12/build/CMakeFiles/CMakeTmp

Run Build Command:"/usr/bin/make" "cmTC_1c357/fast"
/usr/bin/make -f CMakeFiles/cmTC_1c357.dir/build.make CMakeFiles/cmTC_1c357.dir/build
make[1]: Entering directory '/home/ju/Projects/CLionProjects/INF3172/tp1/libs/jansson-2.12/build/CMakeFiles/CMakeTmp'
Building C object CMakeFiles/cmTC_1c357.dir/INT32_T.c.o
/usr/bin/cc    -o CMakeFiles/cmTC_1c357.dir/INT32_T.c.o   -c /home/ju/Projects/CLionProjects/INF3172/tp1/libs/jansson-2.12/build/CMakeFiles/CheckTypeSize/INT32_T.c
Linking C executable cmTC_1c357
/usr/bin/cmake -E cmake_link_script CMakeFiles/cmTC_1c357.dir/link.txt --verbose=1
/usr/bin/cc      -rdynamic CMakeFiles/cmTC_1c357.dir/INT32_T.c.o  -o cmTC_1c357 
make[1]: Leaving directory '/home/ju/Projects/CLionProjects/INF3172/tp1/libs/jansson-2.12/build/CMakeFiles/CMakeTmp'


Determining size of long passed with the following output:
Change Dir: /home/ju/Projects/CLionProjects/INF3172/tp1/libs/jansson-2.12/build/CMakeFiles/CMakeTmp

Run Build Command:"/usr/bin/make" "cmTC_45376/fast"
/usr/bin/make -f CMakeFiles/cmTC_45376.dir/build.make CMakeFiles/cmTC_45376.dir/build
make[1]: Entering directory '/home/ju/Projects/CLionProjects/INF3172/tp1/libs/jansson-2.12/build/CMakeFiles/CMakeTmp'
Building C object CMakeFiles/cmTC_45376.dir/LONG_INT.c.o
/usr/bin/cc    -o CMakeFiles/cmTC_45376.dir/LONG_INT.c.o   -c /home/ju/Projects/CLionProjects/INF3172/tp1/libs/jansson-2.12/build/CMakeFiles/CheckTypeSize/LONG_INT.c
Linking C executable cmTC_45376
/usr/bin/cmake -E cmake_link_script CMakeFiles/cmTC_45376.dir/link.txt --verbose=1
/usr/bin/cc      -rdynamic CMakeFiles/cmTC_45376.dir/LONG_INT.c.o  -o cmTC_45376 
make[1]: Leaving directory '/home/ju/Projects/CLionProjects/INF3172/tp1/libs/jansson-2.12/build/CMakeFiles/CMakeTmp'


Determining size of int passed with the following output:
Change Dir: /home/ju/Projects/CLionProjects/INF3172/tp1/libs/jansson-2.12/build/CMakeFiles/CMakeTmp

Run Build Command:"/usr/bin/make" "cmTC_76e9d/fast"
/usr/bin/make -f CMakeFiles/cmTC_76e9d.dir/build.make CMakeFiles/cmTC_76e9d.dir/build
make[1]: Entering directory '/home/ju/Projects/CLionProjects/INF3172/tp1/libs/jansson-2.12/build/CMakeFiles/CMakeTmp'
Building C object CMakeFiles/cmTC_76e9d.dir/INT.c.o
/usr/bin/cc    -o CMakeFiles/cmTC_76e9d.dir/INT.c.o   -c /home/ju/Projects/CLionProjects/INF3172/tp1/libs/jansson-2.12/build/CMakeFiles/CheckTypeSize/INT.c
Linking C executable cmTC_76e9d
/usr/bin/cmake -E cmake_link_script CMakeFiles/cmTC_76e9d.dir/link.txt --verbose=1
/usr/bin/cc      -rdynamic CMakeFiles/cmTC_76e9d.dir/INT.c.o  -o cmTC_76e9d 
make[1]: Leaving directory '/home/ju/Projects/CLionProjects/INF3172/tp1/libs/jansson-2.12/build/CMakeFiles/CMakeTmp'


Determining size of unsigned long passed with the following output:
Change Dir: /home/ju/Projects/CLionProjects/INF3172/tp1/libs/jansson-2.12/build/CMakeFiles/CMakeTmp

Run Build Command:"/usr/bin/make" "cmTC_3181b/fast"
/usr/bin/make -f CMakeFiles/cmTC_3181b.dir/build.make CMakeFiles/cmTC_3181b.dir/build
make[1]: Entering directory '/home/ju/Projects/CLionProjects/INF3172/tp1/libs/jansson-2.12/build/CMakeFiles/CMakeTmp'
Building C object CMakeFiles/cmTC_3181b.dir/UNSIGNED_LONG_INT.c.o
/usr/bin/cc    -o CMakeFiles/cmTC_3181b.dir/UNSIGNED_LONG_INT.c.o   -c /home/ju/Projects/CLionProjects/INF3172/tp1/libs/jansson-2.12/build/CMakeFiles/CheckTypeSize/UNSIGNED_LONG_INT.c
Linking C executable cmTC_3181b
/usr/bin/cmake -E cmake_link_script CMakeFiles/cmTC_3181b.dir/link.txt --verbose=1
/usr/bin/cc      -rdynamic CMakeFiles/cmTC_3181b.dir/UNSIGNED_LONG_INT.c.o  -o cmTC_3181b 
make[1]: Leaving directory '/home/ju/Projects/CLionProjects/INF3172/tp1/libs/jansson-2.12/build/CMakeFiles/CMakeTmp'


Determining size of unsigned int passed with the following output:
Change Dir: /home/ju/Projects/CLionProjects/INF3172/tp1/libs/jansson-2.12/build/CMakeFiles/CMakeTmp

Run Build Command:"/usr/bin/make" "cmTC_668f0/fast"
/usr/bin/make -f CMakeFiles/cmTC_668f0.dir/build.make CMakeFiles/cmTC_668f0.dir/build
make[1]: Entering directory '/home/ju/Projects/CLionProjects/INF3172/tp1/libs/jansson-2.12/build/CMakeFiles/CMakeTmp'
Building C object CMakeFiles/cmTC_668f0.dir/UNSIGNED_INT.c.o
/usr/bin/cc    -o CMakeFiles/cmTC_668f0.dir/UNSIGNED_INT.c.o   -c /home/ju/Projects/CLionProjects/INF3172/tp1/libs/jansson-2.12/build/CMakeFiles/CheckTypeSize/UNSIGNED_INT.c
Linking C executable cmTC_668f0
/usr/bin/cmake -E cmake_link_script CMakeFiles/cmTC_668f0.dir/link.txt --verbose=1
/usr/bin/cc      -rdynamic CMakeFiles/cmTC_668f0.dir/UNSIGNED_INT.c.o  -o cmTC_668f0 
make[1]: Leaving directory '/home/ju/Projects/CLionProjects/INF3172/tp1/libs/jansson-2.12/build/CMakeFiles/CMakeTmp'


Determining size of unsigned short passed with the following output:
Change Dir: /home/ju/Projects/CLionProjects/INF3172/tp1/libs/jansson-2.12/build/CMakeFiles/CMakeTmp

Run Build Command:"/usr/bin/make" "cmTC_da23e/fast"
/usr/bin/make -f CMakeFiles/cmTC_da23e.dir/build.make CMakeFiles/cmTC_da23e.dir/build
make[1]: Entering directory '/home/ju/Projects/CLionProjects/INF3172/tp1/libs/jansson-2.12/build/CMakeFiles/CMakeTmp'
Building C object CMakeFiles/cmTC_da23e.dir/UNSIGNED_SHORT.c.o
/usr/bin/cc    -o CMakeFiles/cmTC_da23e.dir/UNSIGNED_SHORT.c.o   -c /home/ju/Projects/CLionProjects/INF3172/tp1/libs/jansson-2.12/build/CMakeFiles/CheckTypeSize/UNSIGNED_SHORT.c
Linking C executable cmTC_da23e
/usr/bin/cmake -E cmake_link_script CMakeFiles/cmTC_da23e.dir/link.txt --verbose=1
/usr/bin/cc      -rdynamic CMakeFiles/cmTC_da23e.dir/UNSIGNED_SHORT.c.o  -o cmTC_da23e 
make[1]: Leaving directory '/home/ju/Projects/CLionProjects/INF3172/tp1/libs/jansson-2.12/build/CMakeFiles/CMakeTmp'


Determining size of uint32_t passed with the following output:
Change Dir: /home/ju/Projects/CLionProjects/INF3172/tp1/libs/jansson-2.12/build/CMakeFiles/CMakeTmp

Run Build Command:"/usr/bin/make" "cmTC_96572/fast"
/usr/bin/make -f CMakeFiles/cmTC_96572.dir/build.make CMakeFiles/cmTC_96572.dir/build
make[1]: Entering directory '/home/ju/Projects/CLionProjects/INF3172/tp1/libs/jansson-2.12/build/CMakeFiles/CMakeTmp'
Building C object CMakeFiles/cmTC_96572.dir/UINT32_T.c.o
/usr/bin/cc    -o CMakeFiles/cmTC_96572.dir/UINT32_T.c.o   -c /home/ju/Projects/CLionProjects/INF3172/tp1/libs/jansson-2.12/build/CMakeFiles/CheckTypeSize/UINT32_T.c
Linking C executable cmTC_96572
/usr/bin/cmake -E cmake_link_script CMakeFiles/cmTC_96572.dir/link.txt --verbose=1
/usr/bin/cc      -rdynamic CMakeFiles/cmTC_96572.dir/UINT32_T.c.o  -o cmTC_96572 
make[1]: Leaving directory '/home/ju/Projects/CLionProjects/INF3172/tp1/libs/jansson-2.12/build/CMakeFiles/CMakeTmp'


Determining size of uint16_t passed with the following output:
Change Dir: /home/ju/Projects/CLionProjects/INF3172/tp1/libs/jansson-2.12/build/CMakeFiles/CMakeTmp

Run Build Command:"/usr/bin/make" "cmTC_4d5d7/fast"
/usr/bin/make -f CMakeFiles/cmTC_4d5d7.dir/build.make CMakeFiles/cmTC_4d5d7.dir/build
make[1]: Entering directory '/home/ju/Projects/CLionProjects/INF3172/tp1/libs/jansson-2.12/build/CMakeFiles/CMakeTmp'
Building C object CMakeFiles/cmTC_4d5d7.dir/UINT16_T.c.o
/usr/bin/cc    -o CMakeFiles/cmTC_4d5d7.dir/UINT16_T.c.o   -c /home/ju/Projects/CLionProjects/INF3172/tp1/libs/jansson-2.12/build/CMakeFiles/CheckTypeSize/UINT16_T.c
Linking C executable cmTC_4d5d7
/usr/bin/cmake -E cmake_link_script CMakeFiles/cmTC_4d5d7.dir/link.txt --verbose=1
/usr/bin/cc      -rdynamic CMakeFiles/cmTC_4d5d7.dir/UINT16_T.c.o  -o cmTC_4d5d7 
make[1]: Leaving directory '/home/ju/Projects/CLionProjects/INF3172/tp1/libs/jansson-2.12/build/CMakeFiles/CMakeTmp'


Determining size of uint8_t passed with the following output:
Change Dir: /home/ju/Projects/CLionProjects/INF3172/tp1/libs/jansson-2.12/build/CMakeFiles/CMakeTmp

Run Build Command:"/usr/bin/make" "cmTC_94db6/fast"
/usr/bin/make -f CMakeFiles/cmTC_94db6.dir/build.make CMakeFiles/cmTC_94db6.dir/build
make[1]: Entering directory '/home/ju/Projects/CLionProjects/INF3172/tp1/libs/jansson-2.12/build/CMakeFiles/CMakeTmp'
Building C object CMakeFiles/cmTC_94db6.dir/UINT8_T.c.o
/usr/bin/cc    -o CMakeFiles/cmTC_94db6.dir/UINT8_T.c.o   -c /home/ju/Projects/CLionProjects/INF3172/tp1/libs/jansson-2.12/build/CMakeFiles/CheckTypeSize/UINT8_T.c
Linking C executable cmTC_94db6
/usr/bin/cmake -E cmake_link_script CMakeFiles/cmTC_94db6.dir/link.txt --verbose=1
/usr/bin/cc      -rdynamic CMakeFiles/cmTC_94db6.dir/UINT8_T.c.o  -o cmTC_94db6 
make[1]: Leaving directory '/home/ju/Projects/CLionProjects/INF3172/tp1/libs/jansson-2.12/build/CMakeFiles/CMakeTmp'


Determining size of ssize_t passed with the following output:
Change Dir: /home/ju/Projects/CLionProjects/INF3172/tp1/libs/jansson-2.12/build/CMakeFiles/CMakeTmp

Run Build Command:"/usr/bin/make" "cmTC_c272b/fast"
/usr/bin/make -f CMakeFiles/cmTC_c272b.dir/build.make CMakeFiles/cmTC_c272b.dir/build
make[1]: Entering directory '/home/ju/Projects/CLionProjects/INF3172/tp1/libs/jansson-2.12/build/CMakeFiles/CMakeTmp'
Building C object CMakeFiles/cmTC_c272b.dir/SSIZE_T.c.o
/usr/bin/cc    -o CMakeFiles/cmTC_c272b.dir/SSIZE_T.c.o   -c /home/ju/Projects/CLionProjects/INF3172/tp1/libs/jansson-2.12/build/CMakeFiles/CheckTypeSize/SSIZE_T.c
Linking C executable cmTC_c272b
/usr/bin/cmake -E cmake_link_script CMakeFiles/cmTC_c272b.dir/link.txt --verbose=1
/usr/bin/cc      -rdynamic CMakeFiles/cmTC_c272b.dir/SSIZE_T.c.o  -o cmTC_c272b 
make[1]: Leaving directory '/home/ju/Projects/CLionProjects/INF3172/tp1/libs/jansson-2.12/build/CMakeFiles/CMakeTmp'


Determining if the function strtoll exists passed with the following output:
Change Dir: /home/ju/Projects/CLionProjects/INF3172/tp1/libs/jansson-2.12/build/CMakeFiles/CMakeTmp

Run Build Command:"/usr/bin/make" "cmTC_3798e/fast"
/usr/bin/make -f CMakeFiles/cmTC_3798e.dir/build.make CMakeFiles/cmTC_3798e.dir/build
make[1]: Entering directory '/home/ju/Projects/CLionProjects/INF3172/tp1/libs/jansson-2.12/build/CMakeFiles/CMakeTmp'
Building C object CMakeFiles/cmTC_3798e.dir/CheckFunctionExists.c.o
/usr/bin/cc   -DCHECK_FUNCTION_EXISTS=strtoll   -o CMakeFiles/cmTC_3798e.dir/CheckFunctionExists.c.o   -c /usr/share/cmake-3.10/Modules/CheckFunctionExists.c
Linking C executable cmTC_3798e
/usr/bin/cmake -E cmake_link_script CMakeFiles/cmTC_3798e.dir/link.txt --verbose=1
/usr/bin/cc  -DCHECK_FUNCTION_EXISTS=strtoll    -rdynamic CMakeFiles/cmTC_3798e.dir/CheckFunctionExists.c.o  -o cmTC_3798e 
make[1]: Leaving directory '/home/ju/Projects/CLionProjects/INF3172/tp1/libs/jansson-2.12/build/CMakeFiles/CMakeTmp'


Determining if the function strtoq exists passed with the following output:
Change Dir: /home/ju/Projects/CLionProjects/INF3172/tp1/libs/jansson-2.12/build/CMakeFiles/CMakeTmp

Run Build Command:"/usr/bin/make" "cmTC_14376/fast"
/usr/bin/make -f CMakeFiles/cmTC_14376.dir/build.make CMakeFiles/cmTC_14376.dir/build
make[1]: Entering directory '/home/ju/Projects/CLionProjects/INF3172/tp1/libs/jansson-2.12/build/CMakeFiles/CMakeTmp'
Building C object CMakeFiles/cmTC_14376.dir/CheckFunctionExists.c.o
/usr/bin/cc   -DCHECK_FUNCTION_EXISTS=strtoq   -o CMakeFiles/cmTC_14376.dir/CheckFunctionExists.c.o   -c /usr/share/cmake-3.10/Modules/CheckFunctionExists.c
Linking C executable cmTC_14376
/usr/bin/cmake -E cmake_link_script CMakeFiles/cmTC_14376.dir/link.txt --verbose=1
/usr/bin/cc  -DCHECK_FUNCTION_EXISTS=strtoq    -rdynamic CMakeFiles/cmTC_14376.dir/CheckFunctionExists.c.o  -o cmTC_14376 
make[1]: Leaving directory '/home/ju/Projects/CLionProjects/INF3172/tp1/libs/jansson-2.12/build/CMakeFiles/CMakeTmp'


Determining if files locale.h exist passed with the following output:
Change Dir: /home/ju/Projects/CLionProjects/INF3172/tp1/libs/jansson-2.12/build/CMakeFiles/CMakeTmp

Run Build Command:"/usr/bin/make" "cmTC_3a77c/fast"
/usr/bin/make -f CMakeFiles/cmTC_3a77c.dir/build.make CMakeFiles/cmTC_3a77c.dir/build
make[1]: Entering directory '/home/ju/Projects/CLionProjects/INF3172/tp1/libs/jansson-2.12/build/CMakeFiles/CMakeTmp'
Building C object CMakeFiles/cmTC_3a77c.dir/CheckIncludeFiles.c.o
/usr/bin/cc    -o CMakeFiles/cmTC_3a77c.dir/CheckIncludeFiles.c.o   -c /home/ju/Projects/CLionProjects/INF3172/tp1/libs/jansson-2.12/build/CMakeFiles/CMakeTmp/CheckIncludeFiles.c
Linking C executable cmTC_3a77c
/usr/bin/cmake -E cmake_link_script CMakeFiles/cmTC_3a77c.dir/link.txt --verbose=1
/usr/bin/cc      -rdynamic CMakeFiles/cmTC_3a77c.dir/CheckIncludeFiles.c.o  -o cmTC_3a77c 
make[1]: Leaving directory '/home/ju/Projects/CLionProjects/INF3172/tp1/libs/jansson-2.12/build/CMakeFiles/CMakeTmp'


Determining if the function localeconv exists passed with the following output:
Change Dir: /home/ju/Projects/CLionProjects/INF3172/tp1/libs/jansson-2.12/build/CMakeFiles/CMakeTmp

Run Build Command:"/usr/bin/make" "cmTC_33f5c/fast"
/usr/bin/make -f CMakeFiles/cmTC_33f5c.dir/build.make CMakeFiles/cmTC_33f5c.dir/build
make[1]: Entering directory '/home/ju/Projects/CLionProjects/INF3172/tp1/libs/jansson-2.12/build/CMakeFiles/CMakeTmp'
Building C object CMakeFiles/cmTC_33f5c.dir/CheckFunctionExists.c.o
/usr/bin/cc   -DCHECK_FUNCTION_EXISTS=localeconv   -o CMakeFiles/cmTC_33f5c.dir/CheckFunctionExists.c.o   -c /usr/share/cmake-3.10/Modules/CheckFunctionExists.c
Linking C executable cmTC_33f5c
/usr/bin/cmake -E cmake_link_script CMakeFiles/cmTC_33f5c.dir/link.txt --verbose=1
/usr/bin/cc  -DCHECK_FUNCTION_EXISTS=localeconv    -rdynamic CMakeFiles/cmTC_33f5c.dir/CheckFunctionExists.c.o  -o cmTC_33f5c 
make[1]: Leaving directory '/home/ju/Projects/CLionProjects/INF3172/tp1/libs/jansson-2.12/build/CMakeFiles/CMakeTmp'


Determining if the function setlocale exists passed with the following output:
Change Dir: /home/ju/Projects/CLionProjects/INF3172/tp1/libs/jansson-2.12/build/CMakeFiles/CMakeTmp

Run Build Command:"/usr/bin/make" "cmTC_8dbde/fast"
/usr/bin/make -f CMakeFiles/cmTC_8dbde.dir/build.make CMakeFiles/cmTC_8dbde.dir/build
make[1]: Entering directory '/home/ju/Projects/CLionProjects/INF3172/tp1/libs/jansson-2.12/build/CMakeFiles/CMakeTmp'
Building C object CMakeFiles/cmTC_8dbde.dir/CheckFunctionExists.c.o
/usr/bin/cc   -DCHECK_FUNCTION_EXISTS=setlocale   -o CMakeFiles/cmTC_8dbde.dir/CheckFunctionExists.c.o   -c /usr/share/cmake-3.10/Modules/CheckFunctionExists.c
Linking C executable cmTC_8dbde
/usr/bin/cmake -E cmake_link_script CMakeFiles/cmTC_8dbde.dir/link.txt --verbose=1
/usr/bin/cc  -DCHECK_FUNCTION_EXISTS=setlocale    -rdynamic CMakeFiles/cmTC_8dbde.dir/CheckFunctionExists.c.o  -o cmTC_8dbde 
make[1]: Leaving directory '/home/ju/Projects/CLionProjects/INF3172/tp1/libs/jansson-2.12/build/CMakeFiles/CMakeTmp'


Performing C SOURCE FILE Test HAVE_INLINE succeeded with the following output:
Change Dir: /home/ju/Projects/CLionProjects/INF3172/tp1/libs/jansson-2.12/build/CMakeFiles/CMakeTmp

Run Build Command:"/usr/bin/make" "cmTC_31fe6/fast"
/usr/bin/make -f CMakeFiles/cmTC_31fe6.dir/build.make CMakeFiles/cmTC_31fe6.dir/build
make[1]: Entering directory '/home/ju/Projects/CLionProjects/INF3172/tp1/libs/jansson-2.12/build/CMakeFiles/CMakeTmp'
Building C object CMakeFiles/cmTC_31fe6.dir/src.c.o
/usr/bin/cc   -DHAVE_INLINE   -o CMakeFiles/cmTC_31fe6.dir/src.c.o   -c /home/ju/Projects/CLionProjects/INF3172/tp1/libs/jansson-2.12/build/CMakeFiles/CMakeTmp/src.c
Linking C executable cmTC_31fe6
/usr/bin/cmake -E cmake_link_script CMakeFiles/cmTC_31fe6.dir/link.txt --verbose=1
/usr/bin/cc  -DHAVE_INLINE    -rdynamic CMakeFiles/cmTC_31fe6.dir/src.c.o  -o cmTC_31fe6 
make[1]: Leaving directory '/home/ju/Projects/CLionProjects/INF3172/tp1/libs/jansson-2.12/build/CMakeFiles/CMakeTmp'

Source file was:
inline void func(); void func() { } int main() { func(); return 0; }
Performing C SOURCE FILE Test HAVE___INLINE succeeded with the following output:
Change Dir: /home/ju/Projects/CLionProjects/INF3172/tp1/libs/jansson-2.12/build/CMakeFiles/CMakeTmp

Run Build Command:"/usr/bin/make" "cmTC_be431/fast"
/usr/bin/make -f CMakeFiles/cmTC_be431.dir/build.make CMakeFiles/cmTC_be431.dir/build
make[1]: Entering directory '/home/ju/Projects/CLionProjects/INF3172/tp1/libs/jansson-2.12/build/CMakeFiles/CMakeTmp'
Building C object CMakeFiles/cmTC_be431.dir/src.c.o
/usr/bin/cc   -DHAVE___INLINE   -o CMakeFiles/cmTC_be431.dir/src.c.o   -c /home/ju/Projects/CLionProjects/INF3172/tp1/libs/jansson-2.12/build/CMakeFiles/CMakeTmp/src.c
Linking C executable cmTC_be431
/usr/bin/cmake -E cmake_link_script CMakeFiles/cmTC_be431.dir/link.txt --verbose=1
/usr/bin/cc  -DHAVE___INLINE    -rdynamic CMakeFiles/cmTC_be431.dir/src.c.o  -o cmTC_be431 
make[1]: Leaving directory '/home/ju/Projects/CLionProjects/INF3172/tp1/libs/jansson-2.12/build/CMakeFiles/CMakeTmp'

Source file was:
__inline void func(); void func() { } int main() { func(); return 0; }
Performing C SOURCE FILE Test HAVE___INLINE__ succeeded with the following output:
Change Dir: /home/ju/Projects/CLionProjects/INF3172/tp1/libs/jansson-2.12/build/CMakeFiles/CMakeTmp

Run Build Command:"/usr/bin/make" "cmTC_54f9e/fast"
/usr/bin/make -f CMakeFiles/cmTC_54f9e.dir/build.make CMakeFiles/cmTC_54f9e.dir/build
make[1]: Entering directory '/home/ju/Projects/CLionProjects/INF3172/tp1/libs/jansson-2.12/build/CMakeFiles/CMakeTmp'
Building C object CMakeFiles/cmTC_54f9e.dir/src.c.o
/usr/bin/cc   -DHAVE___INLINE__   -o CMakeFiles/cmTC_54f9e.dir/src.c.o   -c /home/ju/Projects/CLionProjects/INF3172/tp1/libs/jansson-2.12/build/CMakeFiles/CMakeTmp/src.c
Linking C executable cmTC_54f9e
/usr/bin/cmake -E cmake_link_script CMakeFiles/cmTC_54f9e.dir/link.txt --verbose=1
/usr/bin/cc  -DHAVE___INLINE__    -rdynamic CMakeFiles/cmTC_54f9e.dir/src.c.o  -o cmTC_54f9e 
make[1]: Leaving directory '/home/ju/Projects/CLionProjects/INF3172/tp1/libs/jansson-2.12/build/CMakeFiles/CMakeTmp'

Source file was:
__inline__ void func(); void func() { } int main() { func(); return 0; }
Performing C SOURCE FILE Test HAVE_SYNC_BUILTINS succeeded with the following output:
Change Dir: /home/ju/Projects/CLionProjects/INF3172/tp1/libs/jansson-2.12/build/CMakeFiles/CMakeTmp

Run Build Command:"/usr/bin/make" "cmTC_b2489/fast"
/usr/bin/make -f CMakeFiles/cmTC_b2489.dir/build.make CMakeFiles/cmTC_b2489.dir/build
make[1]: Entering directory '/home/ju/Projects/CLionProjects/INF3172/tp1/libs/jansson-2.12/build/CMakeFiles/CMakeTmp'
Building C object CMakeFiles/cmTC_b2489.dir/src.c.o
/usr/bin/cc   -DHAVE_SYNC_BUILTINS   -o CMakeFiles/cmTC_b2489.dir/src.c.o   -c /home/ju/Projects/CLionProjects/INF3172/tp1/libs/jansson-2.12/build/CMakeFiles/CMakeTmp/src.c
Linking C executable cmTC_b2489
/usr/bin/cmake -E cmake_link_script CMakeFiles/cmTC_b2489.dir/link.txt --verbose=1
/usr/bin/cc  -DHAVE_SYNC_BUILTINS    -rdynamic CMakeFiles/cmTC_b2489.dir/src.c.o  -o cmTC_b2489 
make[1]: Leaving directory '/home/ju/Projects/CLionProjects/INF3172/tp1/libs/jansson-2.12/build/CMakeFiles/CMakeTmp'

Source file was:
int main() { unsigned long val; __sync_bool_compare_and_swap(&val, 0, 1); __sync_add_and_fetch(&val, 1); __sync_sub_and_fetch(&val, 1); return 0; } 
Performing C SOURCE FILE Test HAVE_ATOMIC_BUILTINS succeeded with the following output:
Change Dir: /home/ju/Projects/CLionProjects/INF3172/tp1/libs/jansson-2.12/build/CMakeFiles/CMakeTmp

Run Build Command:"/usr/bin/make" "cmTC_25149/fast"
/usr/bin/make -f CMakeFiles/cmTC_25149.dir/build.make CMakeFiles/cmTC_25149.dir/build
make[1]: Entering directory '/home/ju/Projects/CLionProjects/INF3172/tp1/libs/jansson-2.12/build/CMakeFiles/CMakeTmp'
Building C object CMakeFiles/cmTC_25149.dir/src.c.o
/usr/bin/cc   -DHAVE_ATOMIC_BUILTINS   -o CMakeFiles/cmTC_25149.dir/src.c.o   -c /home/ju/Projects/CLionProjects/INF3172/tp1/libs/jansson-2.12/build/CMakeFiles/CMakeTmp/src.c
Linking C executable cmTC_25149
/usr/bin/cmake -E cmake_link_script CMakeFiles/cmTC_25149.dir/link.txt --verbose=1
/usr/bin/cc  -DHAVE_ATOMIC_BUILTINS    -rdynamic CMakeFiles/cmTC_25149.dir/src.c.o  -o cmTC_25149 
make[1]: Leaving directory '/home/ju/Projects/CLionProjects/INF3172/tp1/libs/jansson-2.12/build/CMakeFiles/CMakeTmp'

Source file was:
int main() { char l; unsigned long v; __atomic_test_and_set(&l, __ATOMIC_RELAXED); __atomic_store_n(&v, 1, __ATOMIC_RELEASE); __atomic_load_n(&v, __ATOMIC_ACQUIRE); __atomic_add_fetch(&v, 1, __ATOMIC_ACQUIRE); __atomic_sub_fetch(&v, 1, __ATOMIC_RELEASE); return 0; }
