Determining if the pthread_create exist failed with the following output:
Change Dir: /home/ju/Projects/CLionProjects/INF3172/tp2/cmake-build-debug/CMakeFiles/CMakeTmp

Run Build Command(s):/usr/bin/make cmTC_c102e/fast 
/usr/bin/make -f CMakeFiles/cmTC_c102e.dir/build.make CMakeFiles/cmTC_c102e.dir/build
make[1]: Entering directory '/home/ju/Projects/CLionProjects/INF3172/tp2/cmake-build-debug/CMakeFiles/CMakeTmp'
Building C object CMakeFiles/cmTC_c102e.dir/CheckSymbolExists.c.o
/usr/bin/cc   -std=gnu99 -o CMakeFiles/cmTC_c102e.dir/CheckSymbolExists.c.o   -c /home/ju/Projects/CLionProjects/INF3172/tp2/cmake-build-debug/CMakeFiles/CMakeTmp/CheckSymbolExists.c
Linking C executable cmTC_c102e
/opt/clion-2019.1.4/bin/cmake/linux/bin/cmake -E cmake_link_script CMakeFiles/cmTC_c102e.dir/link.txt --verbose=1
/usr/bin/cc      CMakeFiles/cmTC_c102e.dir/CheckSymbolExists.c.o  -o cmTC_c102e 
CMakeFiles/cmTC_c102e.dir/CheckSymbolExists.c.o: In function `main':
CheckSymbolExists.c:(.text+0x1b): undefined reference to `pthread_create'
collect2: error: ld returned 1 exit status
CMakeFiles/cmTC_c102e.dir/build.make:86: recipe for target 'cmTC_c102e' failed
make[1]: *** [cmTC_c102e] Error 1
make[1]: Leaving directory '/home/ju/Projects/CLionProjects/INF3172/tp2/cmake-build-debug/CMakeFiles/CMakeTmp'
Makefile:121: recipe for target 'cmTC_c102e/fast' failed
make: *** [cmTC_c102e/fast] Error 2

File /home/ju/Projects/CLionProjects/INF3172/tp2/cmake-build-debug/CMakeFiles/CMakeTmp/CheckSymbolExists.c:
/* */
#include <pthread.h>

int main(int argc, char** argv)
{
  (void)argv;
#ifndef pthread_create
  return ((int*)(&pthread_create))[argc];
#else
  (void)argc;
  return 0;
#endif
}

